2025-03-12 11:55:19 [INFO] 開始訓練...
2025-03-12 11:55:19 [INFO] 已找到資料集快取 data/dataset_2008_cache.pt，正在載入...
2025-03-12 11:55:34 [INFO] 載入完成：train=159264 筆, test=40320 筆
2025-03-12 11:55:34 [INFO] 載入訓練集，共 159264 筆
2025-03-12 11:55:38 [INFO] Epoch 1, Loss: 2.1638, lr: 0.010000
2025-03-12 11:55:41 [INFO] Epoch 2, Loss: 2.0230, lr: 0.010000
2025-03-12 11:55:44 [INFO] Epoch 3, Loss: 2.1245, lr: 0.010000
2025-03-12 11:55:47 [INFO] Epoch 4, Loss: 2.0594, lr: 0.010000
2025-03-12 11:55:50 [INFO] Epoch 5, Loss: 2.0034, lr: 0.010000
2025-03-12 11:55:52 [INFO] Epoch 6, Loss: 2.0306, lr: 0.010000
2025-03-12 11:55:55 [INFO] Epoch 7, Loss: 2.0319, lr: 0.010000
2025-03-12 11:55:58 [INFO] Epoch 8, Loss: 2.0435, lr: 0.010000
2025-03-12 11:56:01 [INFO] Epoch 9, Loss: 2.0753, lr: 0.010000
2025-03-12 11:56:04 [INFO] Epoch 10, Loss: 1.0354, lr: 0.005000
2025-03-12 11:56:07 [INFO] Epoch 11, Loss: 1.0671, lr: 0.005000
2025-03-12 11:56:10 [INFO] Epoch 12, Loss: 1.0425, lr: 0.005000
2025-03-12 11:56:12 [INFO] Epoch 13, Loss: 1.0504, lr: 0.005000
2025-03-12 11:56:15 [INFO] Epoch 14, Loss: 1.0864, lr: 0.005000
2025-03-12 11:56:18 [INFO] Epoch 15, Loss: 0.5304, lr: 0.002500
2025-03-12 11:56:21 [INFO] Epoch 16, Loss: 0.5473, lr: 0.002500
2025-03-12 11:56:24 [INFO] Epoch 17, Loss: 0.5613, lr: 0.002500
2025-03-12 11:56:27 [INFO] Epoch 18, Loss: 0.5686, lr: 0.002500
2025-03-12 11:56:29 [INFO] Epoch 19, Loss: 0.5670, lr: 0.002500
2025-03-12 11:56:32 [INFO] Epoch 20, Loss: 0.3181, lr: 0.001250
2025-03-12 11:56:35 [INFO] Epoch 21, Loss: 0.3163, lr: 0.001250
2025-03-12 11:56:38 [INFO] Epoch 22, Loss: 0.3249, lr: 0.001250
2025-03-12 11:56:41 [INFO] Epoch 23, Loss: 0.3225, lr: 0.001250
2025-03-12 11:56:44 [INFO] Epoch 24, Loss: 0.3140, lr: 0.001250
2025-03-12 11:56:46 [INFO] Epoch 25, Loss: 0.3182, lr: 0.001250
2025-03-12 11:56:49 [INFO] Epoch 26, Loss: 0.3253, lr: 0.001250
2025-03-12 11:56:52 [INFO] Epoch 27, Loss: 0.3211, lr: 0.001250
2025-03-12 11:56:55 [INFO] Epoch 28, Loss: 0.3187, lr: 0.001250
2025-03-12 11:56:58 [INFO] Epoch 29, Loss: 0.2245, lr: 0.000625
2025-03-12 11:57:01 [INFO] Epoch 30, Loss: 0.2257, lr: 0.000625
2025-03-12 11:57:03 [INFO] Epoch 31, Loss: 0.2261, lr: 0.000625
2025-03-12 11:57:06 [INFO] Epoch 32, Loss: 0.2236, lr: 0.000625
2025-03-12 11:57:09 [INFO] Epoch 33, Loss: 0.2254, lr: 0.000625
2025-03-12 11:57:12 [INFO] Epoch 34, Loss: 0.2251, lr: 0.000625
2025-03-12 11:57:15 [INFO] Epoch 35, Loss: 0.2245, lr: 0.000625
2025-03-12 11:57:18 [INFO] Epoch 36, Loss: 0.2250, lr: 0.000625
2025-03-12 11:57:20 [INFO] Epoch 37, Loss: 0.2049, lr: 0.000313
2025-03-12 11:57:23 [INFO] Epoch 38, Loss: 0.2046, lr: 0.000313
2025-03-12 11:57:26 [INFO] Epoch 39, Loss: 0.2049, lr: 0.000313
2025-03-12 11:57:29 [INFO] Epoch 40, Loss: 0.2044, lr: 0.000313
2025-03-12 11:57:32 [INFO] Epoch 41, Loss: 0.2041, lr: 0.000313
2025-03-12 11:57:35 [INFO] Epoch 42, Loss: 0.2045, lr: 0.000313
2025-03-12 11:57:37 [INFO] Epoch 43, Loss: 0.2044, lr: 0.000313
2025-03-12 11:57:40 [INFO] Epoch 44, Loss: 0.2043, lr: 0.000313
2025-03-12 11:57:43 [INFO] Epoch 45, Loss: 0.2041, lr: 0.000313
2025-03-12 11:57:46 [INFO] Epoch 46, Loss: 0.2041, lr: 0.000313
2025-03-12 11:57:49 [INFO] Epoch 47, Loss: 0.2046, lr: 0.000313
2025-03-12 11:57:52 [INFO] Epoch 48, Loss: 0.2041, lr: 0.000313
2025-03-12 11:57:55 [INFO] Epoch 49, Loss: 0.2045, lr: 0.000313
2025-03-12 11:57:58 [INFO] Epoch 50, Loss: 0.1995, lr: 0.000156
2025-03-12 11:58:01 [INFO] Epoch 51, Loss: 0.1994, lr: 0.000156
2025-03-12 11:58:05 [INFO] Epoch 52, Loss: 0.1992, lr: 0.000156
2025-03-12 11:58:08 [INFO] Epoch 53, Loss: 0.1992, lr: 0.000156
2025-03-12 11:58:11 [INFO] Epoch 54, Loss: 0.1990, lr: 0.000156
2025-03-12 11:58:15 [INFO] Epoch 55, Loss: 0.1992, lr: 0.000156
2025-03-12 11:58:18 [INFO] Epoch 56, Loss: 0.1993, lr: 0.000156
2025-03-12 11:58:21 [INFO] Epoch 57, Loss: 0.1991, lr: 0.000156
2025-03-12 11:58:25 [INFO] Epoch 58, Loss: 0.1990, lr: 0.000156
2025-03-12 11:58:28 [INFO] Epoch 59, Loss: 0.1990, lr: 0.000156
2025-03-12 11:58:31 [INFO] Epoch 60, Loss: 0.1991, lr: 0.000156
2025-03-12 11:58:34 [INFO] Epoch 61, Loss: 0.1990, lr: 0.000156
2025-03-12 11:58:37 [INFO] Epoch 62, Loss: 0.1991, lr: 0.000156
2025-03-12 11:58:40 [INFO] Epoch 63, Loss: 0.1973, lr: 0.000078
2025-03-12 11:58:43 [INFO] Epoch 64, Loss: 0.1972, lr: 0.000078
2025-03-12 11:58:46 [INFO] Epoch 65, Loss: 0.1972, lr: 0.000078
2025-03-12 11:58:49 [INFO] Epoch 66, Loss: 0.1973, lr: 0.000078
2025-03-12 11:58:52 [INFO] Epoch 67, Loss: 0.1974, lr: 0.000078
2025-03-12 11:58:55 [INFO] Epoch 68, Loss: 0.1972, lr: 0.000078
2025-03-12 11:58:58 [INFO] Epoch 69, Loss: 0.1972, lr: 0.000078
2025-03-12 11:59:01 [INFO] Epoch 70, Loss: 0.1964, lr: 0.000039
2025-03-12 11:59:04 [INFO] Epoch 71, Loss: 0.1965, lr: 0.000039
2025-03-12 11:59:07 [INFO] Epoch 72, Loss: 0.1964, lr: 0.000039
2025-03-12 11:59:10 [INFO] Epoch 73, Loss: 0.1964, lr: 0.000039
2025-03-12 11:59:13 [INFO] Epoch 74, Loss: 0.1963, lr: 0.000039
2025-03-12 11:59:16 [INFO] Epoch 75, Loss: 0.1964, lr: 0.000039
2025-03-12 11:59:18 [INFO] Epoch 76, Loss: 0.1964, lr: 0.000039
2025-03-12 11:59:21 [INFO] Epoch 77, Loss: 0.1963, lr: 0.000039
2025-03-12 11:59:24 [INFO] Epoch 78, Loss: 0.1963, lr: 0.000039
2025-03-12 11:59:27 [INFO] Epoch 79, Loss: 0.1964, lr: 0.000039
2025-03-12 11:59:30 [INFO] Epoch 80, Loss: 0.1964, lr: 0.000039
2025-03-12 11:59:33 [INFO] Epoch 81, Loss: 0.1963, lr: 0.000039
2025-03-12 11:59:36 [INFO] Epoch 82, Loss: 0.1963, lr: 0.000039
2025-03-12 11:59:39 [INFO] Epoch 83, Loss: 0.1960, lr: 0.000020
2025-03-12 11:59:42 [INFO] Epoch 84, Loss: 0.1959, lr: 0.000020
2025-03-12 11:59:46 [INFO] Epoch 85, Loss: 0.1960, lr: 0.000020
2025-03-12 11:59:49 [INFO] Epoch 86, Loss: 0.1960, lr: 0.000020
2025-03-12 11:59:52 [INFO] Epoch 87, Loss: 0.1960, lr: 0.000020
2025-03-12 11:59:55 [INFO] Epoch 88, Loss: 0.1960, lr: 0.000020
2025-03-12 11:59:58 [INFO] Epoch 89, Loss: 0.1958, lr: 0.000010
2025-03-12 12:00:01 [INFO] Epoch 90, Loss: 0.1958, lr: 0.000010
2025-03-12 12:00:04 [INFO] Epoch 91, Loss: 0.1958, lr: 0.000010
2025-03-12 12:00:07 [INFO] Epoch 92, Loss: 0.1958, lr: 0.000010
2025-03-12 12:00:10 [INFO] Epoch 93, Loss: 0.1958, lr: 0.000010
2025-03-12 12:00:13 [INFO] Epoch 94, Loss: 0.1957, lr: 0.000005
2025-03-12 12:00:16 [INFO] Epoch 95, Loss: 0.1957, lr: 0.000005
2025-03-12 12:00:19 [INFO] Epoch 96, Loss: 0.1957, lr: 0.000005
2025-03-12 12:00:22 [INFO] Epoch 97, Loss: 0.1957, lr: 0.000005
2025-03-12 12:00:25 [INFO] Epoch 98, Loss: 0.1957, lr: 0.000005
2025-03-12 12:00:28 [INFO] Epoch 99, Loss: 0.1957, lr: 0.000005
2025-03-12 12:00:31 [INFO] Epoch 100, Loss: 0.1957, lr: 0.000005
2025-03-12 12:00:31 [INFO] 訓練結束
